time="2023-10-25T20:26:55+08:00" level=info msg="MoveScanner -p temp"
time="2023-10-25T20:28:53+08:00" level=info msg="MoveScanner -p temp/build.zip"
time="2023-10-25T20:28:53+08:00" level=info msg="MoveScanner -p temp"
time="2023-10-25T20:31:18+08:00" level=info msg="MoveScanner -p temp/build.zip"
time="2023-10-25T20:31:18+08:00" level=info msg="MoveScanner -p temp"
time="2023-10-25T20:31:50+08:00" level=info msg="MoveScanner -p temp/build.zip"
time="2023-10-25T20:31:50+08:00" level=info msg="MoveScanner -p temp"
time="2023-10-25T21:11:27+08:00" level=info msg="MoveScanner -p build"
time="2023-10-25T21:12:51+08:00" level=info msg="MoveScanner -p temp/build"
time="2023-10-25T21:20:52+08:00" level=info msg="MoveScanner -p temp/build"
time="2023-10-26T14:07:07+08:00" level=info msg="Download templatesaptos-token-staking.zip"
time="2023-10-26T14:07:32+08:00" level=info msg="Download templates/aptos-token-staking.zip"
time="2023-10-26T14:15:00+08:00" level=info msg="temp 文件夹已清空"
time="2023-10-26T14:15:59+08:00" level=info msg="temp 文件夹已清空"
time="2023-10-26T14:16:00+08:00" level=info msg="temp 文件夹已清空"
time="2023-10-26T14:16:59+08:00" level=info msg="temp 文件夹已清空"
time="2023-10-26T14:17:59+08:00" level=info msg="temp 文件夹已清空"
time="2023-10-26T14:18:00+08:00" level=info msg="temp 文件夹已清空"
time="2023-10-26T14:18:59+08:00" level=info msg="temp 文件夹已清空"
time="2023-10-26T14:19:59+08:00" level=info msg="temp 文件夹已清空"
time="2023-10-26T14:20:00+08:00" level=info msg="temp 文件夹已清空"
time="2023-10-26T14:20:59+08:00" level=info msg="temp 文件夹已清空"
time="2023-10-26T14:21:00+08:00" level=info msg="temp 文件夹已清空"
time="2023-10-26T14:21:59+08:00" level=info msg="temp 文件夹已清空"
time="2023-10-26T14:22:00+08:00" level=info msg="temp 文件夹已清空"
time="2023-10-26T14:22:59+08:00" level=info msg="temp 文件夹已清空"
time="2023-10-26T15:12:00+08:00" level=info msg="temp 文件夹已清空"
time="2023-10-26T15:12:02+08:00" level=info msg="MoveScanner -p temp/build -n -o results/UMG8uogP71.json"
time="2023-10-26T15:12:02+08:00" level=error msg="Faild to read UMG8uogP71.json"
time="2023-10-26T15:13:00+08:00" level=info msg="temp 文件夹已清空"
time="2023-10-26T15:13:14+08:00" level=info msg="MoveScanner -p temp/build -n -o results/aNdkzjyJXr.json"
time="2023-10-26T15:13:14+08:00" level=error msg="Faild to read results/aNdkzjyJXr.json"
time="2023-10-26T15:14:00+08:00" level=info msg="temp 文件夹已清空"
time="2023-10-26T15:15:00+08:00" level=info msg="temp 文件夹已清空"
time="2023-10-26T15:15:18+08:00" level=info msg="MoveScanner -p temp/build -n -o results/6mackOZoGK.json"
time="2023-10-26T15:15:18+08:00" level=error msg="Faild to read 6mackOZoGK.json"
time="2023-10-26T15:16:39+08:00" level=info msg="MoveScanner -p temp/build -n -o results/YcBqE08TTW.json"
time="2023-10-26T15:18:50+08:00" level=info msg="MoveScanner -p temp/build -n -o results/zU5e16DdBh.json"
time="2023-10-26T15:18:54+08:00" level=info msg="Download templates/aptos-token-staking.zip"
time="2023-10-26T15:36:48+08:00" level=info msg="MoveScanner -p temp/build/CetusClmm/bytecode_modules -n -o results/awfqMHiNiT.json"
time="2023-10-26T15:48:43+08:00" level=info msg="./MoveScanner -p temp/build/CetusClmm/bytecode_modules -n -o results/0WkG1tvxzQ.json"
time="2023-10-26T15:48:59+08:00" level=info msg="./MoveScanner -p temp/aptos-token-vesting/build/token-vesting/bytecode_modules -n -o results/90Bqhkgmes.json"
time="2023-10-26T15:49:13+08:00" level=info msg="Download templates/aptos-token-staking.zip"
time="2023-10-26T15:49:18+08:00" level=info msg="Download templates/aptos-token-vesting.zip"
time="2023-10-26T15:49:56+08:00" level=info msg="./MoveScanner -p temp/aptos-token-vesting/build/token-vesting/bytecode_modules -n -o results/iroIdO7zdX.json"
time="2023-10-26T16:18:39+08:00" level=info msg="./MoveScanner -p temp/aptos-token-vesting/build/token-vesting/bytecode_modules -n -o results/oexnj6PL6C.json"
time="2023-10-26T16:19:10+08:00" level=info msg="./MoveScanner -p temp/build/CetusClmm/bytecode_modules -n -o results/VuU21ERYZW.json"
time="2023-10-26T16:30:27+08:00" level=info msg="Download templates/Dmens.zip"
time="2023-10-26T16:30:40+08:00" level=error msg="Error reading directory: open temp/Dmens: no such file or directory\n"
time="2023-10-26T16:30:40+08:00" level=info msg="./MoveScanner -p  -n -o results/iBXwiKGHSc.json"
time="2023-10-26T16:32:18+08:00" level=info msg="Download templates/LayerZero-Aptos-Contract.zip"
time="2023-10-26T16:32:27+08:00" level=error msg="Error reading directory: open temp/LayerZero-Aptos-Contract: no such file or directory\n"
time="2023-10-26T16:32:27+08:00" level=info msg="./MoveScanner -p  -n -o results/BuPZHTfwJ3.json"
